# JRE version: OpenJDK Runtime Environment Temurin-21.0.11+10 (21.0.11+10) (build 21.0.11+10-LTS)
# Java VM: OpenJDK 64-Bit Server VM Temurin-21.0.11+10 (21.0.11+10-LTS, mixed mode, sharing, tiered, compressed oops, compressed class ptrs, g1 gc, bsd-aarch64)
Heap:
 garbage-first heap   total 61440K, used 45620K [0x0000000780000000, 0x0000000800000000)
  region size 1024K, 12 young (12288K), 2 survivors (2048K)
 Metaspace       used 24511K, committed 25024K, reserved 1114112K
  class space    used 3482K, committed 3712K, reserved 1048576K
GC Heap History (14 events):
Event: 0.996 GC heap before
{Heap before GC invocations=0 (full 0):
 garbage-first heap   total 133120K, used 23584K [0x0000000780000000, 0x0000000800000000)
  region size 1024K, 23 young (23552K), 0 survivors (0K)
 Metaspace       used 9370K, committed 9536K, reserved 1114112K
  class space    used 1121K, committed 1216K, reserved 1048576K
}
Event: 0.999 GC heap after
{Heap after GC invocations=1 (full 0):
 garbage-first heap   total 133120K, used 7012K [0x0000000780000000, 0x0000000800000000)
  region size 1024K, 3 young (3072K), 3 survivors (3072K)
 Metaspace       used 9370K, committed 9536K, reserved 1114112K
  class space    used 1121K, committed 1216K, reserved 1048576K
}
Event: 16.412 GC heap before
{Heap before GC invocations=1 (full 0):
 garbage-first heap   total 133120K, used 41828K [0x0000000780000000, 0x0000000800000000)
  region size 1024K, 35 young (35840K), 3 survivors (3072K)
 Metaspace       used 19823K, committed 20224K, reserved 1114112K
  class space    used 2832K, committed 3008K, reserved 1048576K
}
Event: 16.416 GC heap after
{Heap after GC invocations=2 (full 0):
 garbage-first heap   total 133120K, used 14145K [0x0000000780000000, 0x0000000800000000)
  region size 1024K, 5 young (5120K), 5 survivors (5120K)
 Metaspace       used 19823K, committed 20224K, reserved 1114112K
  class space    used 2832K, committed 3008K, reserved 1048576K
}
Event: 16.473 GC heap before
{Heap before GC invocations=2 (full 0):
 garbage-first heap   total 133120K, used 20289K [0x0000000780000000, 0x0000000800000000)
  region size 1024K, 12 young (12288K), 5 survivors (5120K)
 Metaspace       used 21121K, committed 21504K, reserved 1114112K
  class space    used 3087K, committed 3264K, reserved 1048576K
}
Event: 16.475 GC heap after
{Heap after GC invocations=3 (full 0):
 garbage-first heap   total 133120K, used 15169K [0x0000000780000000, 0x0000000800000000)
  region size 1024K, 6 young (6144K), 6 survivors (6144K)
 Metaspace       used 21121K, committed 21504K, reserved 1114112K
  class space    used 3087K, committed 3264K, reserved 1048576K
}
Event: 21.408 GC heap before
{Heap before GC invocations=4 (full 0):
 garbage-first heap   total 55296K, used 43841K [0x0000000780000000, 0x0000000800000000)
  region size 1024K, 32 young (32768K), 6 survivors (6144K)
 Metaspace       used 22704K, committed 23168K, reserved 1114112K
  class space    used 3241K, committed 3456K, reserved 1048576K
}
Event: 21.413 GC heap after
{Heap after GC invocations=5 (full 0):
 garbage-first heap   total 58368K, used 21490K [0x0000000780000000, 0x0000000800000000)
  region size 1024K, 4 young (4096K), 4 survivors (4096K)
 Metaspace       used 22704K, committed 23168K, reserved 1114112K
  class space    used 3241K, committed 3456K, reserved 1048576K
}
Event: 28.965 GC heap before
{Heap before GC invocations=5 (full 0):
 garbage-first heap   total 58368K, used 41970K [0x0000000780000000, 0x0000000800000000)
  region size 1024K, 24 young (24576K), 4 survivors (4096K)
 Metaspace       used 23303K, committed 23744K, reserved 1114112K
  class space    used 3278K, committed 3520K, reserved 1048576K
}
Event: 28.970 GC heap after
{Heap after GC invocations=6 (full 0):
 garbage-first heap   total 58368K, used 27996K [0x0000000780000000, 0x0000000800000000)
  region size 1024K, 3 young (3072K), 3 survivors (3072K)
 Metaspace       used 23303K, committed 23744K, reserved 1114112K
  class space    used 3278K, committed 3520K, reserved 1048576K
}
Event: 31.454 GC heap before
{Heap before GC invocations=6 (full 0):
 garbage-first heap   total 58368K, used 45404K [0x0000000780000000, 0x0000000800000000)
  region size 1024K, 20 young (20480K), 3 survivors (3072K)
 Metaspace       used 23580K, committed 24128K, reserved 1114112K
  class space    used 3316K, committed 3584K, reserved 1048576K
}
Event: 31.459 GC heap after
{Heap after GC invocations=7 (full 0):
 garbage-first heap   total 58368K, used 34431K [0x0000000780000000, 0x0000000800000000)
  region size 1024K, 3 young (3072K), 3 survivors (3072K)
 Metaspace       used 23580K, committed 24128K, reserved 1114112K
  class space    used 3316K, committed 3584K, reserved 1048576K
}
Event: 46.911 GC heap before
{Heap before GC invocations=7 (full 0):
 garbage-first heap   total 58368K, used 46719K [0x0000000780000000, 0x0000000800000000)
  region size 1024K, 15 young (15360K), 3 survivors (3072K)
 Metaspace       used 24340K, committed 24832K, reserved 1114112K
  class space    used 3468K, committed 3712K, reserved 1048576K
}
Event: 46.916 GC heap after
{Heap after GC invocations=8 (full 0):
 garbage-first heap   total 58368K, used 38452K [0x0000000780000000, 0x0000000800000000)
  region size 1024K, 2 young (2048K), 2 survivors (2048K)
 Metaspace       used 24340K, committed 24832K, reserved 1114112K
  class space    used 3468K, committed 3712K, reserved 1048576K
}

